<?xml version="1.0" encoding="UTF-8"?>
<testsuite xmlns:xsi="http://www.w3.org/2001/XMLSchema-instance" xsi:noNamespaceSchemaLocation="https://maven.apache.org/surefire/maven-surefire-plugin/xsd/surefire-test-report.xsd" name="TestSMS" time="0" tests="0" errors="0" skipped="0" failures="0">
  <properties>
    <property name="sun.desktop" value="windows"/>
    <property name="awt.toolkit" value="sun.awt.windows.WToolkit"/>
    <property name="file.encoding.pkg" value="sun.io"/>
    <property name="java.specification.version" value="1.8"/>
    <property name="sun.cpu.isalist" value="amd64"/>
    <property name="sun.jnu.encoding" value="GBK"/>
    <property name="java.class.path" value="F:\精英班\7 项目\codes\yingxue_admin\yingxue_admin_commons\target\test-classes;F:\精英班\7 项目\codes\yingxue_admin\yingxue_admin_commons\target\classes;E:\respistory\org\springframework\boot\spring-boot-starter-web\2.2.5.RELEASE\spring-boot-starter-web-2.2.5.RELEASE.jar;E:\respistory\org\springframework\boot\spring-boot-starter\2.2.5.RELEASE\spring-boot-starter-2.2.5.RELEASE.jar;E:\respistory\org\springframework\boot\spring-boot\2.2.5.RELEASE\spring-boot-2.2.5.RELEASE.jar;E:\respistory\org\springframework\boot\spring-boot-autoconfigure\2.2.5.RELEASE\spring-boot-autoconfigure-2.2.5.RELEASE.jar;E:\respistory\org\springframework\boot\spring-boot-starter-logging\2.2.5.RELEASE\spring-boot-starter-logging-2.2.5.RELEASE.jar;E:\respistory\ch\qos\logback\logback-classic\1.2.3\logback-classic-1.2.3.jar;E:\respistory\ch\qos\logback\logback-core\1.2.3\logback-core-1.2.3.jar;E:\respistory\org\apache\logging\log4j\log4j-to-slf4j\2.12.1\log4j-to-slf4j-2.12.1.jar;E:\respistory\org\apache\logging\log4j\log4j-api\2.12.1\log4j-api-2.12.1.jar;E:\respistory\org\slf4j\jul-to-slf4j\1.7.30\jul-to-slf4j-1.7.30.jar;E:\respistory\jakarta\annotation\jakarta.annotation-api\1.3.5\jakarta.annotation-api-1.3.5.jar;E:\respistory\org\springframework\spring-core\5.2.4.RELEASE\spring-core-5.2.4.RELEASE.jar;E:\respistory\org\springframework\spring-jcl\5.2.4.RELEASE\spring-jcl-5.2.4.RELEASE.jar;E:\respistory\org\yaml\snakeyaml\1.25\snakeyaml-1.25.jar;E:\respistory\org\springframework\boot\spring-boot-starter-json\2.2.5.RELEASE\spring-boot-starter-json-2.2.5.RELEASE.jar;E:\respistory\com\fasterxml\jackson\core\jackson-databind\2.10.2\jackson-databind-2.10.2.jar;E:\respistory\com\fasterxml\jackson\core\jackson-annotations\2.10.2\jackson-annotations-2.10.2.jar;E:\respistory\com\fasterxml\jackson\datatype\jackson-datatype-jdk8\2.10.2\jackson-datatype-jdk8-2.10.2.jar;E:\respistory\com\fasterxml\jackson\datatype\jackson-datatype-jsr310\2.10.2\jackson-datatype-jsr310-2.10.2.jar;E:\respistory\com\fasterxml\jackson\module\jackson-module-parameter-names\2.10.2\jackson-module-parameter-names-2.10.2.jar;E:\respistory\org\springframework\boot\spring-boot-starter-tomcat\2.2.5.RELEASE\spring-boot-starter-tomcat-2.2.5.RELEASE.jar;E:\respistory\org\apache\tomcat\embed\tomcat-embed-core\9.0.31\tomcat-embed-core-9.0.31.jar;E:\respistory\org\apache\tomcat\embed\tomcat-embed-el\9.0.31\tomcat-embed-el-9.0.31.jar;E:\respistory\org\apache\tomcat\embed\tomcat-embed-websocket\9.0.31\tomcat-embed-websocket-9.0.31.jar;E:\respistory\org\springframework\boot\spring-boot-starter-validation\2.2.5.RELEASE\spring-boot-starter-validation-2.2.5.RELEASE.jar;E:\respistory\jakarta\validation\jakarta.validation-api\2.0.2\jakarta.validation-api-2.0.2.jar;E:\respistory\org\hibernate\validator\hibernate-validator\6.0.18.Final\hibernate-validator-6.0.18.Final.jar;E:\respistory\org\jboss\logging\jboss-logging\3.4.1.Final\jboss-logging-3.4.1.Final.jar;E:\respistory\com\fasterxml\classmate\1.5.1\classmate-1.5.1.jar;E:\respistory\org\springframework\spring-web\5.2.4.RELEASE\spring-web-5.2.4.RELEASE.jar;E:\respistory\org\springframework\spring-beans\5.2.4.RELEASE\spring-beans-5.2.4.RELEASE.jar;E:\respistory\org\springframework\spring-webmvc\5.2.4.RELEASE\spring-webmvc-5.2.4.RELEASE.jar;E:\respistory\org\springframework\spring-aop\5.2.4.RELEASE\spring-aop-5.2.4.RELEASE.jar;E:\respistory\org\springframework\spring-context\5.2.4.RELEASE\spring-context-5.2.4.RELEASE.jar;E:\respistory\org\springframework\spring-expression\5.2.4.RELEASE\spring-expression-5.2.4.RELEASE.jar;E:\respistory\com\alibaba\cloud\spring-cloud-starter-alibaba-nacos-discovery\2.2.1.RELEASE\spring-cloud-starter-alibaba-nacos-discovery-2.2.1.RELEASE.jar;E:\respistory\com\alibaba\nacos\nacos-client\1.2.1\nacos-client-1.2.1.jar;E:\respistory\com\alibaba\nacos\nacos-common\1.2.1\nacos-common-1.2.1.jar;E:\respistory\commons-io\commons-io\2.2\commons-io-2.2.jar;E:\respistory\org\apache\commons\commons-lang3\3.9\commons-lang3-3.9.jar;E:\respistory\com\alibaba\nacos\nacos-api\1.2.1\nacos-api-1.2.1.jar;E:\respistory\com\alibaba\fastjson\1.2.58\fastjson-1.2.58.jar;E:\respistory\com\google\guava\guava\29.0-android\guava-29.0-android.jar;E:\respistory\com\google\guava\failureaccess\1.0.1\failureaccess-1.0.1.jar;E:\respistory\com\google\guava\listenablefuture\9999.0-empty-to-avoid-conflict-with-guava\listenablefuture-9999.0-empty-to-avoid-conflict-with-guava.jar;E:\respistory\com\google\code\findbugs\jsr305\3.0.2\jsr305-3.0.2.jar;E:\respistory\org\checkerframework\checker-compat-qual\2.5.5\checker-compat-qual-2.5.5.jar;E:\respistory\com\google\errorprone\error_prone_annotations\2.3.4\error_prone_annotations-2.3.4.jar;E:\respistory\com\google\j2objc\j2objc-annotations\1.3\j2objc-annotations-1.3.jar;E:\respistory\commons-codec\commons-codec\1.13\commons-codec-1.13.jar;E:\respistory\com\fasterxml\jackson\core\jackson-core\2.10.2\jackson-core-2.10.2.jar;E:\respistory\io\prometheus\simpleclient\0.5.0\simpleclient-0.5.0.jar;E:\respistory\com\alibaba\spring\spring-context-support\1.0.6\spring-context-support-1.0.6.jar;E:\respistory\org\springframework\cloud\spring-cloud-commons\2.2.3.RELEASE\spring-cloud-commons-2.2.3.RELEASE.jar;E:\respistory\org\springframework\security\spring-security-crypto\5.2.2.RELEASE\spring-security-crypto-5.2.2.RELEASE.jar;E:\respistory\org\springframework\cloud\spring-cloud-context\2.2.3.RELEASE\spring-cloud-context-2.2.3.RELEASE.jar;E:\respistory\org\springframework\cloud\spring-cloud-starter-netflix-ribbon\2.2.3.RELEASE\spring-cloud-starter-netflix-ribbon-2.2.3.RELEASE.jar;E:\respistory\org\springframework\cloud\spring-cloud-starter\2.2.3.RELEASE\spring-cloud-starter-2.2.3.RELEASE.jar;E:\respistory\org\springframework\security\spring-security-rsa\1.0.9.RELEASE\spring-security-rsa-1.0.9.RELEASE.jar;E:\respistory\org\bouncycastle\bcpkix-jdk15on\1.64\bcpkix-jdk15on-1.64.jar;E:\respistory\org\bouncycastle\bcprov-jdk15on\1.64\bcprov-jdk15on-1.64.jar;E:\respistory\org\springframework\cloud\spring-cloud-netflix-ribbon\2.2.3.RELEASE\spring-cloud-netflix-ribbon-2.2.3.RELEASE.jar;E:\respistory\org\springframework\cloud\spring-cloud-netflix-archaius\2.2.3.RELEASE\spring-cloud-netflix-archaius-2.2.3.RELEASE.jar;E:\respistory\org\springframework\cloud\spring-cloud-starter-netflix-archaius\2.2.3.RELEASE\spring-cloud-starter-netflix-archaius-2.2.3.RELEASE.jar;E:\respistory\com\netflix\archaius\archaius-core\0.7.6\archaius-core-0.7.6.jar;E:\respistory\commons-configuration\commons-configuration\1.8\commons-configuration-1.8.jar;E:\respistory\com\netflix\ribbon\ribbon\2.3.0\ribbon-2.3.0.jar;E:\respistory\com\netflix\ribbon\ribbon-transport\2.3.0\ribbon-transport-2.3.0.jar;E:\respistory\io\reactivex\rxnetty-contexts\0.4.9\rxnetty-contexts-0.4.9.jar;E:\respistory\io\reactivex\rxnetty-servo\0.4.9\rxnetty-servo-0.4.9.jar;E:\respistory\com\netflix\hystrix\hystrix-core\1.5.18\hystrix-core-1.5.18.jar;E:\respistory\javax\inject\javax.inject\1\javax.inject-1.jar;E:\respistory\io\reactivex\rxnetty\0.4.9\rxnetty-0.4.9.jar;E:\respistory\com\netflix\ribbon\ribbon-core\2.3.0\ribbon-core-2.3.0.jar;E:\respistory\commons-lang\commons-lang\2.6\commons-lang-2.6.jar;E:\respistory\com\netflix\ribbon\ribbon-httpclient\2.3.0\ribbon-httpclient-2.3.0.jar;E:\respistory\commons-collections\commons-collections\3.2.2\commons-collections-3.2.2.jar;E:\respistory\com\sun\jersey\jersey-client\1.19.1\jersey-client-1.19.1.jar;E:\respistory\com\sun\jersey\jersey-core\1.19.1\jersey-core-1.19.1.jar;E:\respistory\javax\ws\rs\jsr311-api\1.1.1\jsr311-api-1.1.1.jar;E:\respistory\com\sun\jersey\contribs\jersey-apache-client4\1.19.1\jersey-apache-client4-1.19.1.jar;E:\respistory\com\netflix\servo\servo-core\0.12.21\servo-core-0.12.21.jar;E:\respistory\com\netflix\netflix-commons\netflix-commons-util\0.3.0\netflix-commons-util-0.3.0.jar;E:\respistory\com\netflix\ribbon\ribbon-loadbalancer\2.3.0\ribbon-loadbalancer-2.3.0.jar;E:\respistory\com\netflix\netflix-commons\netflix-statistics\0.1.1\netflix-statistics-0.1.1.jar;E:\respistory\io\reactivex\rxjava\1.3.8\rxjava-1.3.8.jar;E:\respistory\org\springframework\boot\spring-boot-starter-actuator\2.2.5.RELEASE\spring-boot-starter-actuator-2.2.5.RELEASE.jar;E:\respistory\org\springframework\boot\spring-boot-actuator-autoconfigure\2.2.5.RELEASE\spring-boot-actuator-autoconfigure-2.2.5.RELEASE.jar;E:\respistory\org\springframework\boot\spring-boot-actuator\2.2.5.RELEASE\spring-boot-actuator-2.2.5.RELEASE.jar;E:\respistory\io\micrometer\micrometer-core\1.3.5\micrometer-core-1.3.5.jar;E:\respistory\org\hdrhistogram\HdrHistogram\2.1.11\HdrHistogram-2.1.11.jar;E:\respistory\org\latencyutils\LatencyUtils\2.0.3\LatencyUtils-2.0.3.jar;E:\respistory\org\mybatis\spring\boot\mybatis-spring-boot-starter\2.1.3\mybatis-spring-boot-starter-2.1.3.jar;E:\respistory\org\springframework\boot\spring-boot-starter-jdbc\2.2.5.RELEASE\spring-boot-starter-jdbc-2.2.5.RELEASE.jar;E:\respistory\com\zaxxer\HikariCP\3.4.2\HikariCP-3.4.2.jar;E:\respistory\org\springframework\spring-jdbc\5.2.4.RELEASE\spring-jdbc-5.2.4.RELEASE.jar;E:\respistory\org\springframework\spring-tx\5.2.4.RELEASE\spring-tx-5.2.4.RELEASE.jar;E:\respistory\org\mybatis\spring\boot\mybatis-spring-boot-autoconfigure\2.1.3\mybatis-spring-boot-autoconfigure-2.1.3.jar;E:\respistory\org\mybatis\mybatis\3.5.5\mybatis-3.5.5.jar;E:\respistory\org\mybatis\mybatis-spring\2.0.5\mybatis-spring-2.0.5.jar;E:\respistory\mysql\mysql-connector-java\5.1.38\mysql-connector-java-5.1.38.jar;E:\respistory\com\alibaba\druid\1.1.19\druid-1.1.19.jar;E:\respistory\com\aliyun\aliyun-java-sdk-core\4.5.18\aliyun-java-sdk-core-4.5.18.jar;E:\respistory\com\google\code\gson\gson\2.8.6\gson-2.8.6.jar;E:\respistory\org\apache\httpcomponents\httpclient\4.5.11\httpclient-4.5.11.jar;E:\respistory\org\apache\httpcomponents\httpcore\4.4.13\httpcore-4.4.13.jar;E:\respistory\commons-logging\commons-logging\1.2\commons-logging-1.2.jar;E:\respistory\javax\xml\bind\jaxb-api\2.3.1\jaxb-api-2.3.1.jar;E:\respistory\javax\activation\javax.activation-api\1.2.0\javax.activation-api-1.2.0.jar;E:\respistory\org\jacoco\org.jacoco.agent\0.8.6\org.jacoco.agent-0.8.6-runtime.jar;E:\respistory\org\ini4j\ini4j\0.5.4\ini4j-0.5.4.jar;E:\respistory\org\slf4j\slf4j-api\1.7.30\slf4j-api-1.7.30.jar;E:\respistory\io\opentracing\opentracing-api\0.33.0\opentracing-api-0.33.0.jar;E:\respistory\io\opentracing\opentracing-util\0.33.0\opentracing-util-0.33.0.jar;E:\respistory\io\opentracing\opentracing-noop\0.33.0\opentracing-noop-0.33.0.jar;"/>
    <property name="java.vm.vendor" value="Oracle Corporation"/>
    <property name="sun.arch.data.model" value="64"/>
    <property name="user.variant" value=""/>
    <property name="java.vendor.url" value="http://java.oracle.com/"/>
    <property name="user.timezone" value="Asia/Shanghai"/>
    <property name="java.vm.specification.version" value="1.8"/>
    <property name="os.name" value="Windows 7"/>
    <property name="user.country" value="CN"/>
    <property name="sun.java.launcher" value="SUN_STANDARD"/>
    <property name="sun.boot.library.path" value="C:\Program Files\Java\jdk1.8.0_261\jre\bin"/>
    <property name="sun.java.command" value="C:\Users\ADMINI~1\AppData\Local\Temp\surefire5472004801785556036\surefirebooter6331963511613986341.jar C:\Users\Administrator\AppData\Local\Temp\surefire5472004801785556036 2021-03-23T09-09-10_119-jvmRun1 surefire5403233212964101819tmp surefire_02230943850462967121tmp"/>
    <property name="surefire.test.class.path" value="F:\精英班\7 项目\codes\yingxue_admin\yingxue_admin_commons\target\test-classes;F:\精英班\7 项目\codes\yingxue_admin\yingxue_admin_commons\target\classes;E:\respistory\org\springframework\boot\spring-boot-starter-web\2.2.5.RELEASE\spring-boot-starter-web-2.2.5.RELEASE.jar;E:\respistory\org\springframework\boot\spring-boot-starter\2.2.5.RELEASE\spring-boot-starter-2.2.5.RELEASE.jar;E:\respistory\org\springframework\boot\spring-boot\2.2.5.RELEASE\spring-boot-2.2.5.RELEASE.jar;E:\respistory\org\springframework\boot\spring-boot-autoconfigure\2.2.5.RELEASE\spring-boot-autoconfigure-2.2.5.RELEASE.jar;E:\respistory\org\springframework\boot\spring-boot-starter-logging\2.2.5.RELEASE\spring-boot-starter-logging-2.2.5.RELEASE.jar;E:\respistory\ch\qos\logback\logback-classic\1.2.3\logback-classic-1.2.3.jar;E:\respistory\ch\qos\logback\logback-core\1.2.3\logback-core-1.2.3.jar;E:\respistory\org\apache\logging\log4j\log4j-to-slf4j\2.12.1\log4j-to-slf4j-2.12.1.jar;E:\respistory\org\apache\logging\log4j\log4j-api\2.12.1\log4j-api-2.12.1.jar;E:\respistory\org\slf4j\jul-to-slf4j\1.7.30\jul-to-slf4j-1.7.30.jar;E:\respistory\jakarta\annotation\jakarta.annotation-api\1.3.5\jakarta.annotation-api-1.3.5.jar;E:\respistory\org\springframework\spring-core\5.2.4.RELEASE\spring-core-5.2.4.RELEASE.jar;E:\respistory\org\springframework\spring-jcl\5.2.4.RELEASE\spring-jcl-5.2.4.RELEASE.jar;E:\respistory\org\yaml\snakeyaml\1.25\snakeyaml-1.25.jar;E:\respistory\org\springframework\boot\spring-boot-starter-json\2.2.5.RELEASE\spring-boot-starter-json-2.2.5.RELEASE.jar;E:\respistory\com\fasterxml\jackson\core\jackson-databind\2.10.2\jackson-databind-2.10.2.jar;E:\respistory\com\fasterxml\jackson\core\jackson-annotations\2.10.2\jackson-annotations-2.10.2.jar;E:\respistory\com\fasterxml\jackson\datatype\jackson-datatype-jdk8\2.10.2\jackson-datatype-jdk8-2.10.2.jar;E:\respistory\com\fasterxml\jackson\datatype\jackson-datatype-jsr310\2.10.2\jackson-datatype-jsr310-2.10.2.jar;E:\respistory\com\fasterxml\jackson\module\jackson-module-parameter-names\2.10.2\jackson-module-parameter-names-2.10.2.jar;E:\respistory\org\springframework\boot\spring-boot-starter-tomcat\2.2.5.RELEASE\spring-boot-starter-tomcat-2.2.5.RELEASE.jar;E:\respistory\org\apache\tomcat\embed\tomcat-embed-core\9.0.31\tomcat-embed-core-9.0.31.jar;E:\respistory\org\apache\tomcat\embed\tomcat-embed-el\9.0.31\tomcat-embed-el-9.0.31.jar;E:\respistory\org\apache\tomcat\embed\tomcat-embed-websocket\9.0.31\tomcat-embed-websocket-9.0.31.jar;E:\respistory\org\springframework\boot\spring-boot-starter-validation\2.2.5.RELEASE\spring-boot-starter-validation-2.2.5.RELEASE.jar;E:\respistory\jakarta\validation\jakarta.validation-api\2.0.2\jakarta.validation-api-2.0.2.jar;E:\respistory\org\hibernate\validator\hibernate-validator\6.0.18.Final\hibernate-validator-6.0.18.Final.jar;E:\respistory\org\jboss\logging\jboss-logging\3.4.1.Final\jboss-logging-3.4.1.Final.jar;E:\respistory\com\fasterxml\classmate\1.5.1\classmate-1.5.1.jar;E:\respistory\org\springframework\spring-web\5.2.4.RELEASE\spring-web-5.2.4.RELEASE.jar;E:\respistory\org\springframework\spring-beans\5.2.4.RELEASE\spring-beans-5.2.4.RELEASE.jar;E:\respistory\org\springframework\spring-webmvc\5.2.4.RELEASE\spring-webmvc-5.2.4.RELEASE.jar;E:\respistory\org\springframework\spring-aop\5.2.4.RELEASE\spring-aop-5.2.4.RELEASE.jar;E:\respistory\org\springframework\spring-context\5.2.4.RELEASE\spring-context-5.2.4.RELEASE.jar;E:\respistory\org\springframework\spring-expression\5.2.4.RELEASE\spring-expression-5.2.4.RELEASE.jar;E:\respistory\com\alibaba\cloud\spring-cloud-starter-alibaba-nacos-discovery\2.2.1.RELEASE\spring-cloud-starter-alibaba-nacos-discovery-2.2.1.RELEASE.jar;E:\respistory\com\alibaba\nacos\nacos-client\1.2.1\nacos-client-1.2.1.jar;E:\respistory\com\alibaba\nacos\nacos-common\1.2.1\nacos-common-1.2.1.jar;E:\respistory\commons-io\commons-io\2.2\commons-io-2.2.jar;E:\respistory\org\apache\commons\commons-lang3\3.9\commons-lang3-3.9.jar;E:\respistory\com\alibaba\nacos\nacos-api\1.2.1\nacos-api-1.2.1.jar;E:\respistory\com\alibaba\fastjson\1.2.58\fastjson-1.2.58.jar;E:\respistory\com\google\guava\guava\29.0-android\guava-29.0-android.jar;E:\respistory\com\google\guava\failureaccess\1.0.1\failureaccess-1.0.1.jar;E:\respistory\com\google\guava\listenablefuture\9999.0-empty-to-avoid-conflict-with-guava\listenablefuture-9999.0-empty-to-avoid-conflict-with-guava.jar;E:\respistory\com\google\code\findbugs\jsr305\3.0.2\jsr305-3.0.2.jar;E:\respistory\org\checkerframework\checker-compat-qual\2.5.5\checker-compat-qual-2.5.5.jar;E:\respistory\com\google\errorprone\error_prone_annotations\2.3.4\error_prone_annotations-2.3.4.jar;E:\respistory\com\google\j2objc\j2objc-annotations\1.3\j2objc-annotations-1.3.jar;E:\respistory\commons-codec\commons-codec\1.13\commons-codec-1.13.jar;E:\respistory\com\fasterxml\jackson\core\jackson-core\2.10.2\jackson-core-2.10.2.jar;E:\respistory\io\prometheus\simpleclient\0.5.0\simpleclient-0.5.0.jar;E:\respistory\com\alibaba\spring\spring-context-support\1.0.6\spring-context-support-1.0.6.jar;E:\respistory\org\springframework\cloud\spring-cloud-commons\2.2.3.RELEASE\spring-cloud-commons-2.2.3.RELEASE.jar;E:\respistory\org\springframework\security\spring-security-crypto\5.2.2.RELEASE\spring-security-crypto-5.2.2.RELEASE.jar;E:\respistory\org\springframework\cloud\spring-cloud-context\2.2.3.RELEASE\spring-cloud-context-2.2.3.RELEASE.jar;E:\respistory\org\springframework\cloud\spring-cloud-starter-netflix-ribbon\2.2.3.RELEASE\spring-cloud-starter-netflix-ribbon-2.2.3.RELEASE.jar;E:\respistory\org\springframework\cloud\spring-cloud-starter\2.2.3.RELEASE\spring-cloud-starter-2.2.3.RELEASE.jar;E:\respistory\org\springframework\security\spring-security-rsa\1.0.9.RELEASE\spring-security-rsa-1.0.9.RELEASE.jar;E:\respistory\org\bouncycastle\bcpkix-jdk15on\1.64\bcpkix-jdk15on-1.64.jar;E:\respistory\org\bouncycastle\bcprov-jdk15on\1.64\bcprov-jdk15on-1.64.jar;E:\respistory\org\springframework\cloud\spring-cloud-netflix-ribbon\2.2.3.RELEASE\spring-cloud-netflix-ribbon-2.2.3.RELEASE.jar;E:\respistory\org\springframework\cloud\spring-cloud-netflix-archaius\2.2.3.RELEASE\spring-cloud-netflix-archaius-2.2.3.RELEASE.jar;E:\respistory\org\springframework\cloud\spring-cloud-starter-netflix-archaius\2.2.3.RELEASE\spring-cloud-starter-netflix-archaius-2.2.3.RELEASE.jar;E:\respistory\com\netflix\archaius\archaius-core\0.7.6\archaius-core-0.7.6.jar;E:\respistory\commons-configuration\commons-configuration\1.8\commons-configuration-1.8.jar;E:\respistory\com\netflix\ribbon\ribbon\2.3.0\ribbon-2.3.0.jar;E:\respistory\com\netflix\ribbon\ribbon-transport\2.3.0\ribbon-transport-2.3.0.jar;E:\respistory\io\reactivex\rxnetty-contexts\0.4.9\rxnetty-contexts-0.4.9.jar;E:\respistory\io\reactivex\rxnetty-servo\0.4.9\rxnetty-servo-0.4.9.jar;E:\respistory\com\netflix\hystrix\hystrix-core\1.5.18\hystrix-core-1.5.18.jar;E:\respistory\javax\inject\javax.inject\1\javax.inject-1.jar;E:\respistory\io\reactivex\rxnetty\0.4.9\rxnetty-0.4.9.jar;E:\respistory\com\netflix\ribbon\ribbon-core\2.3.0\ribbon-core-2.3.0.jar;E:\respistory\commons-lang\commons-lang\2.6\commons-lang-2.6.jar;E:\respistory\com\netflix\ribbon\ribbon-httpclient\2.3.0\ribbon-httpclient-2.3.0.jar;E:\respistory\commons-collections\commons-collections\3.2.2\commons-collections-3.2.2.jar;E:\respistory\com\sun\jersey\jersey-client\1.19.1\jersey-client-1.19.1.jar;E:\respistory\com\sun\jersey\jersey-core\1.19.1\jersey-core-1.19.1.jar;E:\respistory\javax\ws\rs\jsr311-api\1.1.1\jsr311-api-1.1.1.jar;E:\respistory\com\sun\jersey\contribs\jersey-apache-client4\1.19.1\jersey-apache-client4-1.19.1.jar;E:\respistory\com\netflix\servo\servo-core\0.12.21\servo-core-0.12.21.jar;E:\respistory\com\netflix\netflix-commons\netflix-commons-util\0.3.0\netflix-commons-util-0.3.0.jar;E:\respistory\com\netflix\ribbon\ribbon-loadbalancer\2.3.0\ribbon-loadbalancer-2.3.0.jar;E:\respistory\com\netflix\netflix-commons\netflix-statistics\0.1.1\netflix-statistics-0.1.1.jar;E:\respistory\io\reactivex\rxjava\1.3.8\rxjava-1.3.8.jar;E:\respistory\org\springframework\boot\spring-boot-starter-actuator\2.2.5.RELEASE\spring-boot-starter-actuator-2.2.5.RELEASE.jar;E:\respistory\org\springframework\boot\spring-boot-actuator-autoconfigure\2.2.5.RELEASE\spring-boot-actuator-autoconfigure-2.2.5.RELEASE.jar;E:\respistory\org\springframework\boot\spring-boot-actuator\2.2.5.RELEASE\spring-boot-actuator-2.2.5.RELEASE.jar;E:\respistory\io\micrometer\micrometer-core\1.3.5\micrometer-core-1.3.5.jar;E:\respistory\org\hdrhistogram\HdrHistogram\2.1.11\HdrHistogram-2.1.11.jar;E:\respistory\org\latencyutils\LatencyUtils\2.0.3\LatencyUtils-2.0.3.jar;E:\respistory\org\mybatis\spring\boot\mybatis-spring-boot-starter\2.1.3\mybatis-spring-boot-starter-2.1.3.jar;E:\respistory\org\springframework\boot\spring-boot-starter-jdbc\2.2.5.RELEASE\spring-boot-starter-jdbc-2.2.5.RELEASE.jar;E:\respistory\com\zaxxer\HikariCP\3.4.2\HikariCP-3.4.2.jar;E:\respistory\org\springframework\spring-jdbc\5.2.4.RELEASE\spring-jdbc-5.2.4.RELEASE.jar;E:\respistory\org\springframework\spring-tx\5.2.4.RELEASE\spring-tx-5.2.4.RELEASE.jar;E:\respistory\org\mybatis\spring\boot\mybatis-spring-boot-autoconfigure\2.1.3\mybatis-spring-boot-autoconfigure-2.1.3.jar;E:\respistory\org\mybatis\mybatis\3.5.5\mybatis-3.5.5.jar;E:\respistory\org\mybatis\mybatis-spring\2.0.5\mybatis-spring-2.0.5.jar;E:\respistory\mysql\mysql-connector-java\5.1.38\mysql-connector-java-5.1.38.jar;E:\respistory\com\alibaba\druid\1.1.19\druid-1.1.19.jar;E:\respistory\com\aliyun\aliyun-java-sdk-core\4.5.18\aliyun-java-sdk-core-4.5.18.jar;E:\respistory\com\google\code\gson\gson\2.8.6\gson-2.8.6.jar;E:\respistory\org\apache\httpcomponents\httpclient\4.5.11\httpclient-4.5.11.jar;E:\respistory\org\apache\httpcomponents\httpcore\4.4.13\httpcore-4.4.13.jar;E:\respistory\commons-logging\commons-logging\1.2\commons-logging-1.2.jar;E:\respistory\javax\xml\bind\jaxb-api\2.3.1\jaxb-api-2.3.1.jar;E:\respistory\javax\activation\javax.activation-api\1.2.0\javax.activation-api-1.2.0.jar;E:\respistory\org\jacoco\org.jacoco.agent\0.8.6\org.jacoco.agent-0.8.6-runtime.jar;E:\respistory\org\ini4j\ini4j\0.5.4\ini4j-0.5.4.jar;E:\respistory\org\slf4j\slf4j-api\1.7.30\slf4j-api-1.7.30.jar;E:\respistory\io\opentracing\opentracing-api\0.33.0\opentracing-api-0.33.0.jar;E:\respistory\io\opentracing\opentracing-util\0.33.0\opentracing-util-0.33.0.jar;E:\respistory\io\opentracing\opentracing-noop\0.33.0\opentracing-noop-0.33.0.jar;"/>
    <property name="sun.cpu.endian" value="little"/>
    <property name="user.home" value="C:\Users\Administrator"/>
    <property name="user.language" value="zh"/>
    <property name="java.specification.vendor" value="Oracle Corporation"/>
    <property name="java.home" value="C:\Program Files\Java\jdk1.8.0_261\jre"/>
    <property name="basedir" value="F:\精英班\7 项目\codes\yingxue_admin\yingxue_admin_commons"/>
    <property name="file.separator" value="\"/>
    <property name="line.separator" value="&#10;"/>
    <property name="java.vm.specification.vendor" value="Oracle Corporation"/>
    <property name="java.specification.name" value="Java Platform API Specification"/>
    <property name="java.awt.graphicsenv" value="sun.awt.Win32GraphicsEnvironment"/>
    <property name="surefire.real.class.path" value="C:\Users\ADMINI~1\AppData\Local\Temp\surefire5472004801785556036\surefirebooter6331963511613986341.jar"/>
    <property name="sun.boot.class.path" value="C:\Program Files\Java\jdk1.8.0_261\jre\lib\resources.jar;C:\Program Files\Java\jdk1.8.0_261\jre\lib\rt.jar;C:\Program Files\Java\jdk1.8.0_261\jre\lib\sunrsasign.jar;C:\Program Files\Java\jdk1.8.0_261\jre\lib\jsse.jar;C:\Program Files\Java\jdk1.8.0_261\jre\lib\jce.jar;C:\Program Files\Java\jdk1.8.0_261\jre\lib\charsets.jar;C:\Program Files\Java\jdk1.8.0_261\jre\lib\jfr.jar;C:\Program Files\Java\jdk1.8.0_261\jre\classes"/>
    <property name="user.script" value=""/>
    <property name="sun.management.compiler" value="HotSpot 64-Bit Tiered Compilers"/>
    <property name="java.runtime.version" value="1.8.0_261-b12"/>
    <property name="user.name" value="Administrator"/>
    <property name="path.separator" value=";"/>
    <property name="os.version" value="6.1"/>
    <property name="java.endorsed.dirs" value="C:\Program Files\Java\jdk1.8.0_261\jre\lib\endorsed"/>
    <property name="java.runtime.name" value="Java(TM) SE Runtime Environment"/>
    <property name="file.encoding" value="GBK"/>
    <property name="java.vm.name" value="Java HotSpot(TM) 64-Bit Server VM"/>
    <property name="localRepository" value="E:\respistory"/>
    <property name="java.vendor.url.bug" value="http://bugreport.sun.com/bugreport/"/>
    <property name="java.io.tmpdir" value="C:\Users\ADMINI~1\AppData\Local\Temp\"/>
    <property name="idea.version" value="2018.2.5"/>
    <property name="java.version" value="1.8.0_261"/>
    <property name="user.dir" value="F:\精英班\7 项目\codes\yingxue_admin\yingxue_admin_commons"/>
    <property name="os.arch" value="amd64"/>
    <property name="java.vm.specification.name" value="Java Virtual Machine Specification"/>
    <property name="java.awt.printerjob" value="sun.awt.windows.WPrinterJob"/>
    <property name="sun.os.patch.level" value="Service Pack 1"/>
    <property name="java.library.path" value="C:\Program Files\Java\jdk1.8.0_261\jre\bin;C:\Windows\Sun\Java\bin;C:\Windows\system32;C:\Windows;C:\Program Files (x86)\Common Files\Oracle\Java\javapath;C:\Windows\system32;C:\Windows;C:\Windows\System32\Wbem;C:\Windows\System32\WindowsPowerShell\v1.0\;C:\Program Files\Java\jdk1.8.0_261\bin;C:\Program Files (x86)\MySQL\MySQL Server 5.5\bin;C:\Program Files\Git\cmd;F:\software\consul;E:\nodejs;E:\nodejsrep\npm_global;."/>
    <property name="java.vm.info" value="mixed mode"/>
    <property name="java.vendor" value="Oracle Corporation"/>
    <property name="java.vm.version" value="25.261-b12"/>
    <property name="java.ext.dirs" value="C:\Program Files\Java\jdk1.8.0_261\jre\lib\ext;C:\Windows\Sun\Java\lib\ext"/>
    <property name="sun.io.unicode.encoding" value="UnicodeLittle"/>
    <property name="java.class.version" value="52.0"/>
  </properties>
</testsuite>